2026-07-09 09:01:52,060 INFO [novastream.api] Renewal request received [user: USR-62418, plan: PREMIUM_MONTHLY, txn: TXN-C46C17C52EFA]
2026-07-09 09:01:52,093 INFO [novastream.payments] Initiating charge of $22.99 via gateway [user: USR-62418, txn: TXN-C46C17C52EFA, method: PM-66205]
2026-07-09 09:01:52,661 INFO [novastream.payments] Payment gateway responded APPROVED [txn: TXN-C46C17C52EFA, auth: AUTH-D68332BA, amount: $22.99]
2026-07-09 09:01:52,690 INFO [novastream.subscriptions] Renewing subscription [user: USR-62418, plan: PREMIUM_MONTHLY, txn: TXN-C46C17C52EFA]
2026-07-09 09:01:52,734 INFO [novastream.subscriptions] Subscription status set to ACTIVE [user: USR-62418, txn: TXN-C46C17C52EFA]
2026-07-09 09:01:52,767 INFO [novastream.notifications] Renewal confirmation email queued via smtp-relay.internal.novastream.io [user: USR-62418, txn: TXN-C46C17C52EFA, plan: PREMIUM_MONTHLY]
2026-07-09 09:01:52,776 INFO [novastream.api] Renewal request completed with status 200 [user: USR-62418, txn: TXN-C46C17C52EFA]
2026-07-09 09:02:35,106 INFO [novastream.api] Renewal request received [user: USR-44313, plan: BASIC_MONTHLY, txn: TXN-A3566F893697]
2026-07-09 09:02:35,125 INFO [novastream.payments] Initiating charge of $9.99 via gateway [user: USR-44313, txn: TXN-A3566F893697, method: PM-52408]
2026-07-09 09:02:35,394 INFO [novastream.payments] Payment gateway responded APPROVED [txn: TXN-A3566F893697, auth: AUTH-481194F3, amount: $9.99]
2026-07-09 09:02:35,400 INFO [novastream.subscriptions] Renewing subscription [user: USR-44313, plan: BASIC_MONTHLY, txn: TXN-A3566F893697]
2026-07-09 09:02:35,452 INFO [novastream.subscriptions] Subscription status set to ACTIVE [user: USR-44313, txn: TXN-A3566F893697]
2026-07-09 09:02:35,481 INFO [novastream.notifications] Renewal confirmation email queued via smtp-relay.internal.novastream.io [user: USR-44313, txn: TXN-A3566F893697, plan: BASIC_MONTHLY]
2026-07-09 09:02:35,493 INFO [novastream.api] Renewal request completed with status 200 [user: USR-44313, txn: TXN-A3566F893697]
2026-07-09 09:02:51,895 INFO [novastream.api] Renewal request received [user: USR-30346, plan: STANDARD_MONTHLY, txn: TXN-2AC5D499CF18]
2026-07-09 09:02:51,918 INFO [novastream.payments] Initiating charge of $15.49 via gateway [user: USR-30346, txn: TXN-2AC5D499CF18, method: PM-62268]
2026-07-09 09:02:52,695 INFO [novastream.payments] Payment gateway responded APPROVED [txn: TXN-2AC5D499CF18, auth: AUTH-3E2B3C05, amount: $15.49]
2026-07-09 09:02:52,725 INFO [novastream.subscriptions] Renewing subscription [user: USR-30346, plan: STANDARD_MONTHLY, txn: TXN-2AC5D499CF18]
2026-07-09 09:02:52,773 INFO [novastream.subscriptions] Subscription status set to ACTIVE [user: USR-30346, txn: TXN-2AC5D499CF18]
2026-07-09 09:02:52,872 INFO [novastream.notifications] Renewal confirmation email queued via smtp-relay.internal.novastream.io [user: USR-30346, txn: TXN-2AC5D499CF18, plan: STANDARD_MONTHLY]
2026-07-09 09:02:52,884 INFO [novastream.api] Renewal request completed with status 200 [user: USR-30346, txn: TXN-2AC5D499CF18]
2026-07-09 09:04:15,625 INFO [novastream.api] Renewal request received [user: USR-68433, plan: PREMIUM_MONTHLY, txn: TXN-ADF1D1938B8B]
2026-07-09 09:04:15,664 INFO [novastream.payments] Initiating charge of $22.99 via gateway [user: USR-68433, txn: TXN-ADF1D1938B8B, method: PM-63502]
2026-07-09 09:04:16,157 INFO [novastream.payments] Payment gateway responded APPROVED [txn: TXN-ADF1D1938B8B, auth: AUTH-101A69F8, amount: $22.99]
2026-07-09 09:04:16,162 INFO [novastream.subscriptions] Renewing subscription [user: USR-68433, plan: PREMIUM_MONTHLY, txn: TXN-ADF1D1938B8B]
